<?xml version="1.0" encoding="UTF-8"?>
<!-- Generated by org.testng.reporters.JUnitXMLReporter -->
<testsuite hostname="ermao750125-ThinkPad-T510" ignored="10" name="Test One" tests="14" failures="5" timestamp="22 Nov 2018 04:07:13 GMT" time="7.344" errors="0">
  <testcase name="@BeforeClass load_url" time="0.42" classname="HardAssertions.AssertassertEquals_02">
    <failure type="org.openqa.selenium.WebDriverException" message="Reached error page: about:neterror?e=connectionFailure&amp;amp;u=http%3A//only-testing-blog.blogspot.com/2014/01/textbox.html&amp;amp;c=UTF-8&amp;amp;f=regular&amp;amp;d=Firefox%20can%E2%80%99t%20establish%20a%20connection%20to%20the%20server%20at%20only-testing-blog.blogspot.com.
Build info: version: &amp;apos;3.141.5&amp;apos;, revision: &amp;apos;d54ebd709a&amp;apos;, time: &amp;apos;2018-11-06T11:42:16&amp;apos;
System info: host: &amp;apos;ermao750125-ThinkPad-T510&amp;apos;, ip: &amp;apos;127.0.1.1&amp;apos;, os.name: &amp;apos;Linux&amp;apos;, os.arch: &amp;apos;amd64&amp;apos;, os.version: &amp;apos;4.15.0-39-generic&amp;apos;, java.version: &amp;apos;1.8.0_191&amp;apos;
Driver info: org.openqa.selenium.firefox.FirefoxDriver
Capabilities {acceptInsecureCerts: true, browserName: firefox, browserVersion: 63.0, javascriptEnabled: true, moz:accessibilityChecks: false, moz:geckodriverVersion: 0.23.0, moz:headless: false, moz:processID: 25048, moz:profile: /tmp/rust_mozprofile.WET3Y2..., moz:useNonSpecCompliantPointerOrigin: false, moz:webdriverClick: true, pageLoadStrategy: normal, platform: LINUX, platformName: LINUX, platformVersion: 4.15.0-39-generic, rotatable: false, setWindowRect: true, timeouts: {implicit: 0, pageLoad: 300000, script: 30000}, unhandledPromptBehavior: dismiss and notify}
Session ID: 18c405f4-1ef9-40dc-8201-49829780f031">
      <![CDATA[org.openqa.selenium.WebDriverException: Reached error page: about:neterror?e=connectionFailure&u=http%3A//only-testing-blog.blogspot.com/2014/01/textbox.html&c=UTF-8&f=regular&d=Firefox%20can%E2%80%99t%20establish%20a%20connection%20to%20the%20server%20at%20only-testing-blog.blogspot.com.
Build info: version: '3.141.5', revision: 'd54ebd709a', time: '2018-11-06T11:42:16'
System info: host: 'ermao750125-ThinkPad-T510', ip: '127.0.1.1', os.name: 'Linux', os.arch: 'amd64', os.version: '4.15.0-39-generic', java.version: '1.8.0_191'
Driver info: org.openqa.selenium.firefox.FirefoxDriver
Capabilities {acceptInsecureCerts: true, browserName: firefox, browserVersion: 63.0, javascriptEnabled: true, moz:accessibilityChecks: false, moz:geckodriverVersion: 0.23.0, moz:headless: false, moz:processID: 25048, moz:profile: /tmp/rust_mozprofile.WET3Y2..., moz:useNonSpecCompliantPointerOrigin: false, moz:webdriverClick: true, pageLoadStrategy: normal, platform: LINUX, platformName: LINUX, platformVersion: 4.15.0-39-generic, rotatable: false, setWindowRect: true, timeouts: {implicit: 0, pageLoad: 300000, script: 30000}, unhandledPromptBehavior: dismiss and notify}
Session ID: 18c405f4-1ef9-40dc-8201-49829780f031
at org.openqa.selenium.remote.http.W3CHttpResponseCodec.createException(W3CHttpResponseCodec.java:187)
at org.openqa.selenium.remote.http.W3CHttpResponseCodec.decode(W3CHttpResponseCodec.java:122)
at org.openqa.selenium.remote.http.W3CHttpResponseCodec.decode(W3CHttpResponseCodec.java:49)
at org.openqa.selenium.remote.HttpCommandExecutor.execute(HttpCommandExecutor.java:158)
at org.openqa.selenium.remote.service.DriverCommandExecutor.execute(DriverCommandExecutor.java:83)
at org.openqa.selenium.remote.RemoteWebDriver.execute(RemoteWebDriver.java:552)
at org.openqa.selenium.remote.RemoteWebDriver.get(RemoteWebDriver.java:277)
at org.openqa.selenium.remote.RemoteWebDriver$RemoteNavigation.to(RemoteWebDriver.java:857)
at HardAssertions.AssertassertEquals_02.load_url(AssertassertEquals_02.java:14)
... Removed 30 stack frames]]>
    </failure>
  </testcase> <!-- @BeforeClass load_url -->
  <testcase name="assertion_method_1" time="0.0" classname="HardAssertions.AssertassertEquals_02">
    <skipped/>
  </testcase> <!-- assertion_method_1 -->
  <testcase name="assertion_method_2" time="0.0" classname="HardAssertions.AssertassertEquals_02">
    <skipped/>
  </testcase> <!-- assertion_method_2 -->
  <testcase name="verification_method" time="0.0" classname="HardAssertions.AssertassertEquals_02">
    <skipped/>
  </testcase> <!-- verification_method -->
  <testcase name="asserttrue1" time="0.231" classname="HardAssertions.AssertassertEquals_03"/>
  <testcase name="asserttrue2" time="0.022" classname="HardAssertions.AssertassertEquals_03">
    <failure type="java.lang.AssertionError" message="expected [true] but found [false]">
      <![CDATA[java.lang.AssertionError: expected [true] but found [false]
at HardAssertions.AssertassertEquals_03.asserttrue2(AssertassertEquals_03.java:31)
... Removed 29 stack frames]]>
    </failure>
  </testcase> <!-- asserttrue2 -->
  <testcase name="assertion_method_1" time="0.054" classname="HardAssertions.AssertassertEquals"/>
  <testcase name="assertion_method_2" time="0.002" classname="HardAssertions.AssertassertEquals">
    <failure type="java.lang.AssertionError" message="expected [Tuesday, 29 January 2014] but found [Tuesday, 28 January 2014]">
      <![CDATA[java.lang.AssertionError: expected [Tuesday, 29 January 2014] but found [Tuesday, 28 January 2014]
at HardAssertions.AssertassertEquals.assertion_method_2(AssertassertEquals.java:28)
... Removed 31 stack frames]]>
    </failure>
  </testcase> <!-- assertion_method_2 -->
  <testcase name="verification_method" time="0.028" classname="HardAssertions.AssertassertEquals"/>
  <testcase name="null1" time="0.137" classname="HardAssertions.AssertionAssertNull"/>
  <testcase name="null2" time="0.036" classname="HardAssertions.AssertionAssertNull">
    <failure type="java.lang.AssertionError" message="expected [null] but found [true]">
      <![CDATA[java.lang.AssertionError: expected [null] but found [true]
at HardAssertions.AssertionAssertNull.null2(AssertionAssertNull.java:30)
... Removed 29 stack frames]]>
    </failure>
  </testcase> <!-- null2 -->
  <testcase name="notnull1" time="0.041" classname="HardAssertions.AssertionAssertNotNull">
    <failure type="java.lang.AssertionError" message="expected object to not be null">
      <![CDATA[java.lang.AssertionError: expected object to not be null
at HardAssertions.AssertionAssertNotNull.notnull1(AssertionAssertNotNull.java:24)
... Removed 28 stack frames]]>
    </failure>
  </testcase> <!-- notnull1 -->
  <testcase name="notnull2" time="0.032" classname="HardAssertions.AssertionAssertNotNull"/>
  <testcase name="asserttrue1" time="0.024" classname="HardAssertions.AssertassertAssertAssertFalse"/>
  <testcase name="asserttrue2" time="0.035" classname="HardAssertions.AssertassertAssertAssertFalse">
    <failure type="java.lang.AssertionError" message="expected [true] but found [false]">
      <![CDATA[java.lang.AssertionError: expected [true] but found [false]
at HardAssertions.AssertassertAssertAssertFalse.asserttrue2(AssertassertAssertAssertFalse.java:31)
... Removed 29 stack frames]]>
    </failure>
  </testcase> <!-- asserttrue2 -->
  <testcase name="@AfterSuite tearDown" time="0.0" classname="TestNGOnePack.BaseClassOne">
    <ignored/>
  </testcase> <!-- @AfterSuite tearDown -->
  <testcase name="@AfterSuite tearDown" time="0.0" classname="TestNGOnePack.BaseClassOne">
    <ignored/>
  </testcase> <!-- @AfterSuite tearDown -->
  <testcase name="@AfterSuite tearDown" time="0.0" classname="TestNGOnePack.BaseClassOne">
    <ignored/>
  </testcase> <!-- @AfterSuite tearDown -->
  <testcase name="@AfterSuite tearDown" time="0.0" classname="TestNGOnePack.BaseClassOne">
    <ignored/>
  </testcase> <!-- @AfterSuite tearDown -->
  <testcase name="@AfterSuite tearDown" time="0.0" classname="TestNGOnePack.BaseClassOne">
    <ignored/>
  </testcase> <!-- @AfterSuite tearDown -->
  <testcase name="@BeforeSuite setup" time="0.0" classname="TestNGOnePack.BaseClassOne">
    <ignored/>
  </testcase> <!-- @BeforeSuite setup -->
  <testcase name="@BeforeSuite setup" time="0.0" classname="TestNGOnePack.BaseClassOne">
    <ignored/>
  </testcase> <!-- @BeforeSuite setup -->
  <testcase name="@BeforeSuite setup" time="0.0" classname="TestNGOnePack.BaseClassOne">
    <ignored/>
  </testcase> <!-- @BeforeSuite setup -->
  <testcase name="@BeforeSuite setup" time="0.0" classname="TestNGOnePack.BaseClassOne">
    <ignored/>
  </testcase> <!-- @BeforeSuite setup -->
  <testcase name="@BeforeSuite setup" time="0.0" classname="TestNGOnePack.BaseClassOne">
    <ignored/>
  </testcase> <!-- @BeforeSuite setup -->
</testsuite> <!-- Test One -->
